<?xml version="1.0" encoding="UTF-8"?>
<testsuite name="Practice_Form" tests="1" skipped="0" failures="0" errors="0" timestamp="2022-10-09T16:01:57" hostname="DESKTOP-F8IID4M" time="44.596">
  <properties/>
  <testcase name="formAutomation" classname="Practice_Form" time="44.596"/>
  <system-out><![CDATA[Female radio button is deselected and Male radio button is selected
]]></system-out>
  <system-err><![CDATA[SLF4J: Failed to load class "org.slf4j.impl.StaticLoggerBinder".
SLF4J: Defaulting to no-operation (NOP) logger implementation
SLF4J: See http://www.slf4j.org/codes.html#StaticLoggerBinder for further details.
Starting ChromeDriver 106.0.5249.61 (511755355844955cd3e264779baf0dd38212a4d0-refs/branch-heads/5249@{#569}) on port 56533
Only local connections are allowed.
Please see https://chromedriver.chromium.org/security-considerations for suggestions on keeping ChromeDriver safe.
ChromeDriver was started successfully.
Oct 09, 2022 10:02:04 PM org.openqa.selenium.remote.ProtocolHandshake createSession
INFO: Detected upstream dialect: W3C
Oct 09, 2022 10:02:05 PM org.openqa.selenium.devtools.CdpVersionFinder findNearestMatch
INFO: Found exact CDP implementation for version 106
]]></system-err>
</testsuite>
